Starting Ruix 0.1 - Boot Check Mode
CPU_DATA address: 0x28bde8
Testing serial port...
Serial port initializing...
Serial port initialized
Serial port test completed
Heap initialized - Running boot checks...
🚀 STARTING BOOT CHECK SEQUENCE
BOOT_CHECK: Testing basic kernel functionality...
[OK] Basic printing
[OK] Basic arithmetic
[OK] Small allocation
BOOT_CHECK: Testing memory allocation...
[OK] Vector allocation
[OK] String allocation
BOOT_CHECK: Testing process creation...
[OK] Scheduler access
[OK] PID system
BOOT_CHECK: Testing system calls...
[OK] Syscall init
[OK] Current PID
BOOT_CHECK: Running comprehensive test suites...
BOOT_CHECK: Running Memory Management suite...
panicked at src/memory/scalable.rs:455:45:
unsafe precondition(s) violated: hint::unreachable_unchecked must never be reached

This indicates a bug in the program. This Undefined Behavior check is optional, and cannot be relied on for safety.
